./var/account.c
./var/barcode.c
./var/check.c
./var/checksum.c
./var/class.c
./var/otdel.c
./var/document.c
./var/document_data.c
./var/document_link.c
./var/document_order.c
./var/document_prow.c
./var/document_type.c
./var/document_view.c
./var/enum.c
./var/group.c
./var/partner.c
./var/partner_data.c
./var/product.c
./var/product_data.c
./var/product_link.c
./var/product_view.c
./var/protocol.c
./var/prowod.c
./var/prowod2.c
./var/realization.c
./var/region.c
./var/saldo.c
./var/shift.c
./var/stock.c
./var/sklad.c
./var/subaccount.c
./var/subgroup.c
./var/user.c
./src/markup.c
./src/grls.c
./src/markup_info.c
./src/traffic.c
./src/price_limit.c
./src/view.c
./src/misc.c
var/alias.c
var/pydomino.c
var/util.c